0 info it worked if it ends with ok
1 verbose cli [ 'node', '/usr/local/bin/npm', 'install' ]
2 info using npm@2.11.2
3 info using node@v0.12.5
4 verbose readDependencies loading dependencies from /Users/philippesimard/Desktop/allies/package.json
5 verbose install where, deps [ '/Users/philippesimard/Desktop/allies',
5 verbose install   [ 'grunt',
5 verbose install     'grunt-autoprefixer',
5 verbose install     'grunt-concurrent',
5 verbose install     'grunt-contrib-clean',
5 verbose install     'grunt-contrib-concat',
5 verbose install     'grunt-contrib-connect',
5 verbose install     'grunt-contrib-copy',
5 verbose install     'grunt-contrib-cssmin',
5 verbose install     'grunt-contrib-htmlmin',
5 verbose install     'grunt-contrib-imagemin',
5 verbose install     'grunt-contrib-jshint',
5 verbose install     'grunt-contrib-uglify',
5 verbose install     'grunt-contrib-watch',
5 verbose install     'grunt-injector',
5 verbose install     'grunt-jsbeautifier',
5 verbose install     'grunt-newer',
5 verbose install     'grunt-ng-annotate',
5 verbose install     'grunt-svgmin',
5 verbose install     'grunt-usemin',
5 verbose install     'jshint-stylish',
5 verbose install     'load-grunt-tasks',
5 verbose install     'time-grunt' ] ]
6 verbose install where, peers [ '/Users/philippesimard/Desktop/allies', [] ]
7 verbose installManyTop reading for lifecycle /Users/philippesimard/Desktop/allies/package.json
8 info preinstall Allies-Client@0.0.1
9 verbose installManyTop reading scoped package data from /Users/philippesimard/Desktop/allies/node_modules/grunt/package.json
10 verbose installManyTop reading scoped package data from /Users/philippesimard/Desktop/allies/node_modules/grunt-autoprefixer/package.json
11 verbose installManyTop reading scoped package data from /Users/philippesimard/Desktop/allies/node_modules/grunt-concurrent/package.json
12 verbose installManyTop reading scoped package data from /Users/philippesimard/Desktop/allies/node_modules/grunt-contrib-clean/package.json
13 verbose installManyTop reading scoped package data from /Users/philippesimard/Desktop/allies/node_modules/grunt-contrib-concat/package.json
14 verbose installManyTop reading scoped package data from /Users/philippesimard/Desktop/allies/node_modules/grunt-contrib-connect/package.json
15 verbose installManyTop reading scoped package data from /Users/philippesimard/Desktop/allies/node_modules/grunt-contrib-copy/package.json
16 verbose installManyTop reading scoped package data from /Users/philippesimard/Desktop/allies/node_modules/grunt-contrib-cssmin/package.json
17 verbose installManyTop reading scoped package data from /Users/philippesimard/Desktop/allies/node_modules/grunt-contrib-htmlmin/package.json
18 verbose installManyTop reading scoped package data from /Users/philippesimard/Desktop/allies/node_modules/grunt-contrib-imagemin/package.json
19 verbose installManyTop reading scoped package data from /Users/philippesimard/Desktop/allies/node_modules/grunt-contrib-jshint/package.json
20 verbose installManyTop reading scoped package data from /Users/philippesimard/Desktop/allies/node_modules/grunt-contrib-uglify/package.json
21 verbose installManyTop reading scoped package data from /Users/philippesimard/Desktop/allies/node_modules/grunt-contrib-watch/package.json
22 verbose installManyTop reading scoped package data from /Users/philippesimard/Desktop/allies/node_modules/grunt-injector/package.json
23 verbose installManyTop reading scoped package data from /Users/philippesimard/Desktop/allies/node_modules/grunt-jsbeautifier/package.json
24 verbose installManyTop reading scoped package data from /Users/philippesimard/Desktop/allies/node_modules/grunt-newer/package.json
25 verbose installManyTop reading scoped package data from /Users/philippesimard/Desktop/allies/node_modules/grunt-ng-annotate/package.json
26 verbose installManyTop reading scoped package data from /Users/philippesimard/Desktop/allies/node_modules/grunt-svgmin/package.json
27 verbose installManyTop reading scoped package data from /Users/philippesimard/Desktop/allies/node_modules/grunt-usemin/package.json
28 verbose installManyTop reading scoped package data from /Users/philippesimard/Desktop/allies/node_modules/jshint-stylish/package.json
29 verbose installManyTop reading scoped package data from /Users/philippesimard/Desktop/allies/node_modules/load-grunt-tasks/package.json
30 verbose installManyTop reading scoped package data from /Users/philippesimard/Desktop/allies/node_modules/time-grunt/package.json
31 info package.json grunt@0.4.5 No license field.
32 info package.json grunt-contrib-clean@0.6.0 No license field.
33 info package.json grunt-contrib-connect@0.9.0 No license field.
34 info package.json grunt-contrib-concat@0.5.1 No license field.
35 info package.json grunt-contrib-copy@0.7.0 No license field.
36 info package.json grunt-contrib-cssmin@0.12.3 No license field.
37 info package.json grunt-contrib-htmlmin@0.4.0 No license field.
38 info package.json grunt-contrib-imagemin@0.9.4 No license field.
39 info package.json grunt-contrib-watch@0.6.1 No license field.
40 info package.json grunt-contrib-uglify@0.7.0 No license field.
41 info package.json grunt-injector@0.6.0 No license field.
42 info package.json grunt-jsbeautifier@0.2.10 No license field.
43 info package.json grunt-svgmin@2.0.1 No license field.
44 verbose readDependencies loading dependencies from /Users/philippesimard/Desktop/allies/package.json
45 verbose targetResolver reading package data from /Users/philippesimard/Desktop/allies/node_modules/grunt/package.json
46 verbose targetResolver reading package data from /Users/philippesimard/Desktop/allies/node_modules/grunt-autoprefixer/package.json
47 verbose targetResolver reading package data from /Users/philippesimard/Desktop/allies/node_modules/grunt-concurrent/package.json
48 verbose targetResolver reading package data from /Users/philippesimard/Desktop/allies/node_modules/grunt-contrib-clean/package.json
49 verbose targetResolver reading package data from /Users/philippesimard/Desktop/allies/node_modules/grunt-contrib-concat/package.json
50 verbose targetResolver reading package data from /Users/philippesimard/Desktop/allies/node_modules/grunt-contrib-connect/package.json
51 verbose targetResolver reading package data from /Users/philippesimard/Desktop/allies/node_modules/grunt-contrib-copy/package.json
52 verbose targetResolver reading package data from /Users/philippesimard/Desktop/allies/node_modules/grunt-contrib-cssmin/package.json
53 verbose targetResolver reading package data from /Users/philippesimard/Desktop/allies/node_modules/grunt-contrib-htmlmin/package.json
54 verbose targetResolver reading package data from /Users/philippesimard/Desktop/allies/node_modules/grunt-contrib-imagemin/package.json
55 verbose targetResolver reading package data from /Users/philippesimard/Desktop/allies/node_modules/grunt-contrib-jshint/package.json
56 verbose targetResolver reading package data from /Users/philippesimard/Desktop/allies/node_modules/grunt-contrib-uglify/package.json
57 verbose targetResolver reading package data from /Users/philippesimard/Desktop/allies/node_modules/grunt-contrib-watch/package.json
58 verbose targetResolver reading package data from /Users/philippesimard/Desktop/allies/node_modules/grunt-injector/package.json
59 verbose targetResolver reading package data from /Users/philippesimard/Desktop/allies/node_modules/grunt-jsbeautifier/package.json
60 verbose targetResolver reading package data from /Users/philippesimard/Desktop/allies/node_modules/grunt-newer/package.json
61 verbose targetResolver reading package data from /Users/philippesimard/Desktop/allies/node_modules/grunt-ng-annotate/package.json
62 verbose targetResolver reading package data from /Users/philippesimard/Desktop/allies/node_modules/grunt-svgmin/package.json
63 verbose targetResolver reading package data from /Users/philippesimard/Desktop/allies/node_modules/grunt-usemin/package.json
64 verbose targetResolver reading package data from /Users/philippesimard/Desktop/allies/node_modules/jshint-stylish/package.json
65 verbose targetResolver reading package data from /Users/philippesimard/Desktop/allies/node_modules/load-grunt-tasks/package.json
66 verbose targetResolver reading package data from /Users/philippesimard/Desktop/allies/node_modules/time-grunt/package.json
67 verbose already installed skipping grunt@^0.4.5 /Users/philippesimard/Desktop/allies
68 verbose already installed skipping grunt-autoprefixer@^2.0.0 /Users/philippesimard/Desktop/allies
69 verbose already installed skipping grunt-concurrent@^1.0.0 /Users/philippesimard/Desktop/allies
70 verbose already installed skipping grunt-contrib-clean@^0.6.0 /Users/philippesimard/Desktop/allies
71 verbose already installed skipping grunt-contrib-concat@^0.5.0 /Users/philippesimard/Desktop/allies
72 verbose already installed skipping grunt-contrib-connect@^0.9.0 /Users/philippesimard/Desktop/allies
73 verbose already installed skipping grunt-contrib-copy@^0.7.0 /Users/philippesimard/Desktop/allies
74 verbose already installed skipping grunt-contrib-cssmin@^0.12.0 /Users/philippesimard/Desktop/allies
75 verbose already installed skipping grunt-contrib-htmlmin@^0.4.0 /Users/philippesimard/Desktop/allies
76 verbose already installed skipping grunt-contrib-imagemin@^0.9.2 /Users/philippesimard/Desktop/allies
77 verbose already installed skipping grunt-contrib-jshint@^0.11.0 /Users/philippesimard/Desktop/allies
78 verbose already installed skipping grunt-contrib-uglify@^0.7.0 /Users/philippesimard/Desktop/allies
79 verbose already installed skipping grunt-contrib-watch@^0.6.1 /Users/philippesimard/Desktop/allies
80 verbose already installed skipping grunt-injector@^0.6.0 /Users/philippesimard/Desktop/allies
81 verbose already installed skipping grunt-jsbeautifier@^0.2.10 /Users/philippesimard/Desktop/allies
82 verbose already installed skipping grunt-newer@^1.1.0 /Users/philippesimard/Desktop/allies
83 verbose already installed skipping grunt-ng-annotate@^0.9.2 /Users/philippesimard/Desktop/allies
84 verbose already installed skipping grunt-svgmin@^2.0.0 /Users/philippesimard/Desktop/allies
85 verbose already installed skipping grunt-usemin@^3.0.0 /Users/philippesimard/Desktop/allies
86 verbose already installed skipping jshint-stylish@^1.0.0 /Users/philippesimard/Desktop/allies
87 verbose already installed skipping load-grunt-tasks@^3.1.0 /Users/philippesimard/Desktop/allies
88 verbose already installed skipping time-grunt@^1.0.0 /Users/philippesimard/Desktop/allies
89 silly install resolved []
90 info build /Users/philippesimard/Desktop/allies
91 info linkStuff Allies-Client@0.0.1
92 silly linkStuff Allies-Client@0.0.1 has /Users/philippesimard/Desktop as its parent node_modules
93 verbose linkBins Allies-Client@0.0.1
94 verbose linkMans Allies-Client@0.0.1
95 verbose rebuildBundles Allies-Client@0.0.1
96 verbose rebuildBundles [ 'grunt',
96 verbose rebuildBundles   'grunt-autoprefixer',
96 verbose rebuildBundles   'grunt-concurrent',
96 verbose rebuildBundles   'grunt-contrib-clean',
96 verbose rebuildBundles   'grunt-contrib-concat',
96 verbose rebuildBundles   'grunt-contrib-connect',
96 verbose rebuildBundles   'grunt-contrib-copy',
96 verbose rebuildBundles   'grunt-contrib-cssmin',
96 verbose rebuildBundles   'grunt-contrib-htmlmin',
96 verbose rebuildBundles   'grunt-contrib-imagemin',
96 verbose rebuildBundles   'grunt-contrib-jshint',
96 verbose rebuildBundles   'grunt-contrib-uglify',
96 verbose rebuildBundles   'grunt-contrib-watch',
96 verbose rebuildBundles   'grunt-injector',
96 verbose rebuildBundles   'grunt-jsbeautifier',
96 verbose rebuildBundles   'grunt-newer',
96 verbose rebuildBundles   'grunt-ng-annotate',
96 verbose rebuildBundles   'grunt-svgmin',
96 verbose rebuildBundles   'grunt-usemin',
96 verbose rebuildBundles   'jshint-stylish',
96 verbose rebuildBundles   'load-grunt-tasks',
96 verbose rebuildBundles   'time-grunt' ]
97 info install Allies-Client@0.0.1
98 info postinstall Allies-Client@0.0.1
99 verbose unsafe-perm in lifecycle true
100 info Allies-Client@0.0.1 Failed to exec postinstall script
101 verbose stack Error: Allies-Client@0.0.1 postinstall: `bower install --config.interactive=false`
101 verbose stack Exit status 1
101 verbose stack     at EventEmitter.<anonymous> (/usr/local/lib/node_modules/npm/lib/utils/lifecycle.js:213:16)
101 verbose stack     at EventEmitter.emit (events.js:110:17)
101 verbose stack     at ChildProcess.<anonymous> (/usr/local/lib/node_modules/npm/lib/utils/spawn.js:24:14)
101 verbose stack     at ChildProcess.emit (events.js:110:17)
101 verbose stack     at maybeClose (child_process.js:1015:16)
101 verbose stack     at Process.ChildProcess._handle.onexit (child_process.js:1087:5)
102 verbose pkgid Allies-Client@0.0.1
103 verbose cwd /Users/philippesimard/Desktop/allies
104 error Darwin 14.5.0
105 error argv "node" "/usr/local/bin/npm" "install"
106 error node v0.12.5
107 error npm  v2.11.2
108 error code ELIFECYCLE
109 error Allies-Client@0.0.1 postinstall: `bower install --config.interactive=false`
109 error Exit status 1
110 error Failed at the Allies-Client@0.0.1 postinstall script 'bower install --config.interactive=false'.
110 error This is most likely a problem with the Allies-Client package,
110 error not with npm itself.
110 error Tell the author that this fails on your system:
110 error     bower install --config.interactive=false
110 error You can get their info via:
110 error     npm owner ls Allies-Client
110 error There is likely additional logging output above.
111 verbose exit [ 1, true ]
